2021-02-09 17:43:13,082 [Worker-1] INFO  com.tibco.bw.migration.logger  - Generating BW 6 application for BW5 project/projects at C:\Users\Naveen Nallakalva\Downloads\New folder\OrderCreate_v2_0
2021-02-09 17:43:15,243 [Worker-1] INFO  com.tibco.bw.migration.logger  - Migrating Global Variables..
2021-02-09 17:43:15,576 [Worker-1] INFO  com.tibco.bw.migration.logger  - Migrating Shared Resources..
2021-02-09 17:43:15,715 [Worker-1] INFO  com.tibco.bw.migration.logger  - Migrating XML Schema resource :C:/Users/Naveen Nallakalva/Downloads/New folder/OrderCreate_v2_0/Resources/CloudBlue/OMPOrderCreateRequest.xsd
2021-02-09 17:43:15,766 [Worker-1] INFO  com.tibco.bw.migration.logger  - Migrating XML Schema resource :C:/Users/Naveen Nallakalva/Downloads/New folder/OrderCreate_v2_0/Resources/CloudBlue/OrderCancelRequestCloudBlue.xsd
2021-02-09 17:43:15,785 [Worker-1] INFO  com.tibco.bw.migration.logger  - Migrating XML Schema resource :C:/Users/Naveen Nallakalva/Downloads/New folder/OrderCreate_v2_0/Resources/CloudBlue/OrderCancelResponseCloudBlue.xsd
2021-02-09 17:43:15,804 [Worker-1] INFO  com.tibco.bw.migration.logger  - Migrating XML Schema resource :C:/Users/Naveen Nallakalva/Downloads/New folder/OrderCreate_v2_0/Resources/CloudBlue/OrderCreateRequestCloudBlue.xsd
2021-02-09 17:43:15,834 [Worker-1] INFO  com.tibco.bw.migration.logger  - Migrating XML Schema resource :C:/Users/Naveen Nallakalva/Downloads/New folder/OrderCreate_v2_0/Resources/CloudBlue/OrderCreateResponseCloudBlue.xsd
2021-02-09 17:43:15,852 [Worker-1] INFO  com.tibco.bw.migration.logger  - Migrating XML Schema resource :C:/Users/Naveen Nallakalva/Downloads/New folder/OrderCreate_v2_0/Resources/CloudBlue/ResellerID_Request.xsd
2021-02-09 17:43:15,861 [Worker-1] INFO  com.tibco.bw.migration.logger  - Migrating XML Schema resource :C:/Users/Naveen Nallakalva/Downloads/New folder/OrderCreate_v2_0/Resources/CloudBlue/ResellerID_Response.xsd
2021-02-09 17:43:15,900 [Worker-1] INFO  com.tibco.bw.migration.logger  - Migrating XML Schema resource :C:/Users/Naveen Nallakalva/Downloads/New folder/OrderCreate_v2_0/Resources/ImpulseStockRequest.xsd
2021-02-09 17:43:15,908 [Worker-1] INFO  com.tibco.bw.migration.logger  - Migrating XML Schema resource :C:/Users/Naveen Nallakalva/Downloads/New folder/OrderCreate_v2_0/Resources/ImpulseStockResponse.xsd
2021-02-09 17:43:15,926 [Worker-1] INFO  com.tibco.bw.migration.logger  - Migrating XML Schema resource :C:/Users/Naveen Nallakalva/Downloads/New folder/OrderCreate_v2_0/Resources/OrderCreateAuthRequest.xsd
2021-02-09 17:43:15,947 [Worker-1] INFO  com.tibco.bw.migration.logger  - Migrating XML Schema resource :C:/Users/Naveen Nallakalva/Downloads/New folder/OrderCreate_v2_0/Resources/OrderCreateMappingResponse_v2_0.xsd
2021-02-09 17:43:15,967 [Worker-1] INFO  com.tibco.bw.migration.logger  - Migrating XML Schema resource :C:/Users/Naveen Nallakalva/Downloads/New folder/OrderCreate_v2_0/Resources/OrderCreateRequest.xsd
2021-02-09 17:43:15,988 [Worker-1] INFO  com.tibco.bw.migration.logger  - Migrating XML Schema resource :C:/Users/Naveen Nallakalva/Downloads/New folder/OrderCreate_v2_0/Resources/OrderCreateRequestIFS.xsd
2021-02-09 17:43:16,010 [Worker-1] INFO  com.tibco.bw.migration.logger  - Migrating XML Schema resource :C:/Users/Naveen Nallakalva/Downloads/New folder/OrderCreate_v2_0/Resources/OrderCreateRequestImpulse.xsd
2021-02-09 17:43:16,031 [Worker-1] INFO  com.tibco.bw.migration.logger  - Migrating XML Schema resource :C:/Users/Naveen Nallakalva/Downloads/New folder/OrderCreate_v2_0/Resources/OrderCreateRequestSAP.xsd
2021-02-09 17:43:16,049 [Worker-1] INFO  com.tibco.bw.migration.logger  - Migrating XML Schema resource :C:/Users/Naveen Nallakalva/Downloads/New folder/OrderCreate_v2_0/Resources/OrderCreateResponse.xsd
2021-02-09 17:43:16,582 [Worker-1] INFO  com.tibco.bw.migration.logger  - Migrating XML Schema resource :C:/Users/Naveen Nallakalva/Downloads/New folder/OrderCreate_v2_0/OrderCreate_v2_0/Resources/CloudBlue/OMPOrderCreateRequest.xsd
2021-02-09 17:43:16,620 [Worker-1] INFO  com.tibco.bw.migration.logger  - Migrating XML Schema resource :C:/Users/Naveen Nallakalva/Downloads/New folder/OrderCreate_v2_0/OrderCreate_v2_0/Resources/CloudBlue/OrderCancelRequestCloudBlue.xsd
2021-02-09 17:43:16,624 [Worker-1] INFO  com.tibco.bw.migration.logger  - Migrating XML Schema resource :C:/Users/Naveen Nallakalva/Downloads/New folder/OrderCreate_v2_0/OrderCreate_v2_0/Resources/CloudBlue/OrderCancelResponseCloudBlue.xsd
2021-02-09 17:43:16,635 [Worker-1] INFO  com.tibco.bw.migration.logger  - Migrating XML Schema resource :C:/Users/Naveen Nallakalva/Downloads/New folder/OrderCreate_v2_0/OrderCreate_v2_0/Resources/CloudBlue/OrderCreateRequestCloudBlue.xsd
2021-02-09 17:43:16,642 [Worker-1] INFO  com.tibco.bw.migration.logger  - Migrating XML Schema resource :C:/Users/Naveen Nallakalva/Downloads/New folder/OrderCreate_v2_0/OrderCreate_v2_0/Resources/CloudBlue/OrderCreateResponseCloudBlue.xsd
2021-02-09 17:43:16,648 [Worker-1] INFO  com.tibco.bw.migration.logger  - Migrating XML Schema resource :C:/Users/Naveen Nallakalva/Downloads/New folder/OrderCreate_v2_0/OrderCreate_v2_0/Resources/CloudBlue/ResellerID_Request.xsd
2021-02-09 17:43:16,651 [Worker-1] INFO  com.tibco.bw.migration.logger  - Migrating XML Schema resource :C:/Users/Naveen Nallakalva/Downloads/New folder/OrderCreate_v2_0/OrderCreate_v2_0/Resources/CloudBlue/ResellerID_Response.xsd
2021-02-09 17:43:16,667 [Worker-1] INFO  com.tibco.bw.migration.logger  - Migrating XML Schema resource :C:/Users/Naveen Nallakalva/Downloads/New folder/OrderCreate_v2_0/OrderCreate_v2_0/Resources/ImpulseStockRequest.xsd
2021-02-09 17:43:16,672 [Worker-1] INFO  com.tibco.bw.migration.logger  - Migrating XML Schema resource :C:/Users/Naveen Nallakalva/Downloads/New folder/OrderCreate_v2_0/OrderCreate_v2_0/Resources/ImpulseStockResponse.xsd
2021-02-09 17:43:16,678 [Worker-1] INFO  com.tibco.bw.migration.logger  - Migrating XML Schema resource :C:/Users/Naveen Nallakalva/Downloads/New folder/OrderCreate_v2_0/OrderCreate_v2_0/Resources/OrderCreateAuthRequest.xsd
2021-02-09 17:43:16,686 [Worker-1] INFO  com.tibco.bw.migration.logger  - Migrating XML Schema resource :C:/Users/Naveen Nallakalva/Downloads/New folder/OrderCreate_v2_0/OrderCreate_v2_0/Resources/OrderCreateMappingResponse_v2_0.xsd
2021-02-09 17:43:16,696 [Worker-1] INFO  com.tibco.bw.migration.logger  - Migrating XML Schema resource :C:/Users/Naveen Nallakalva/Downloads/New folder/OrderCreate_v2_0/OrderCreate_v2_0/Resources/OrderCreateRequest.xsd
2021-02-09 17:43:16,722 [Worker-1] INFO  com.tibco.bw.migration.logger  - Migrating XML Schema resource :C:/Users/Naveen Nallakalva/Downloads/New folder/OrderCreate_v2_0/OrderCreate_v2_0/Resources/OrderCreateRequestIFS.xsd
2021-02-09 17:43:16,734 [Worker-1] INFO  com.tibco.bw.migration.logger  - Migrating XML Schema resource :C:/Users/Naveen Nallakalva/Downloads/New folder/OrderCreate_v2_0/OrderCreate_v2_0/Resources/OrderCreateRequestImpulse.xsd
2021-02-09 17:43:16,739 [Worker-1] INFO  com.tibco.bw.migration.logger  - Migrating XML Schema resource :C:/Users/Naveen Nallakalva/Downloads/New folder/OrderCreate_v2_0/OrderCreate_v2_0/Resources/OrderCreateRequestSAP.xsd
2021-02-09 17:43:16,750 [Worker-1] INFO  com.tibco.bw.migration.logger  - Migrating XML Schema resource :C:/Users/Naveen Nallakalva/Downloads/New folder/OrderCreate_v2_0/OrderCreate_v2_0/Resources/OrderCreateResponse.xsd
2021-02-09 17:43:17,050 [Worker-1] INFO  com.tibco.bw.migration.logger  - Migrating XML Schema resource :C:/Users/Naveen Nallakalva/Downloads/New folder/OrderCreate_v2_0/OrderCreate_v2_0/Schemas/ae2xsd.xsd
2021-02-09 17:43:17,062 [Worker-1] INFO  com.tibco.bw.migration.logger  - Migrating XML Schema resource :C:/Users/Naveen Nallakalva/Downloads/New folder/OrderCreate_v2_0/OrderCreate_v2_0/Schemas/Ingram/ErrorHandlerEvent.xsd
2021-02-09 17:43:17,075 [Worker-1] INFO  com.tibco.bw.migration.logger  - Migrating XML Schema resource :C:/Users/Naveen Nallakalva/Downloads/New folder/OrderCreate_v2_0/OrderCreate_v2_0/Schemas/Ingram/ErrorHandlerEvent_v2_1.xsd
2021-02-09 17:43:17,098 [Worker-1] INFO  com.tibco.bw.migration.logger  - Migrating XML Schema resource :C:/Users/Naveen Nallakalva/Downloads/New folder/OrderCreate_v2_0/OrderCreate_v2_0/Schemas/Ingram/ErrorHandlerEvent_v2_2.xsd
2021-02-09 17:43:17,121 [Worker-1] INFO  com.tibco.bw.migration.logger  - Migrating XML Schema resource :C:/Users/Naveen Nallakalva/Downloads/New folder/OrderCreate_v2_0/OrderCreate_v2_0/Schemas/Ingram/LoggerEvent.xsd
2021-02-09 17:43:24,262 [Worker-1] INFO  com.tibco.bw.migration.logger  - Migrating Processes..
2021-02-09 17:43:24,277 [Worker-1] INFO  com.tibco.bw.migration.logger  - Process Migration Order is => 
2021-02-09 17:43:24,277 [Worker-1] INFO  com.tibco.bw.migration.logger  - Processes/CloudBlue/CallCloudBlue.process
2021-02-09 17:43:24,277 [Worker-1] INFO  com.tibco.bw.migration.logger  - Processes/CloudBlue/GetCloudBlueResellerID.process
2021-02-09 17:43:24,277 [Worker-1] INFO  com.tibco.bw.migration.logger  - Processes/CloudBlue/GetCloudBlueSubscriptionID.process
2021-02-09 17:43:24,280 [Worker-1] INFO  com.tibco.bw.migration.logger  - Processes/CloudBlue/OrderCancelCloudBlue.process
2021-02-09 17:43:24,280 [Worker-1] INFO  com.tibco.bw.migration.logger  - Processes/CloudBlue/OrderCreateCloudBlue.process
2021-02-09 17:43:24,280 [Worker-1] INFO  com.tibco.bw.migration.logger  - Processes/Common/DownTimes.process
2021-02-09 17:43:24,280 [Worker-1] INFO  com.tibco.bw.migration.logger  - Processes/Common/Load_OnOffLineTimes.process
2021-02-09 17:43:24,280 [Worker-1] INFO  com.tibco.bw.migration.logger  - Processes/OrderCreateImpulse.process
2021-02-09 17:43:24,280 [Worker-1] INFO  com.tibco.bw.migration.logger  - Processes/OrderCreateSAP.process
2021-02-09 17:43:24,280 [Worker-1] INFO  com.tibco.bw.migration.logger  - Processes/ParseValidationErrorStackTrace.process
2021-02-09 17:43:24,280 [Worker-1] INFO  com.tibco.bw.migration.logger  - Processes/ValidateRequest.process
2021-02-09 17:43:24,280 [Worker-1] INFO  com.tibco.bw.migration.logger  - Processes/RESTJSONHTTPReceiver.process
2021-02-09 17:43:25,609 [Worker-1] INFO  com.tibco.bw.migration.logger  - Migrating process - Processes/CloudBlue/CallCloudBlue.process
2021-02-09 17:43:25,612 [Worker-1] INFO  com.tibco.bw.migration.logger  - The process "CloudBlue.CallCloudBlue" migration started
2021-02-09 17:43:30,999 [Worker-1] INFO  com.tibco.bw.migration.logger  - The process "CloudBlue.CallCloudBlue" migration done.
2021-02-09 17:43:31,509 [Worker-1] INFO  com.tibco.bw.migration.logger  - Migrating process - Processes/CloudBlue/GetCloudBlueResellerID.process
2021-02-09 17:43:31,514 [Worker-1] INFO  com.tibco.bw.migration.logger  - The process "CloudBlue.GetCloudBlueResellerID" migration started
2021-02-09 17:43:33,040 [Worker-1] INFO  com.tibco.bw.migration.logger  - The process "CloudBlue.GetCloudBlueResellerID" migration done.
2021-02-09 17:43:33,349 [Worker-1] INFO  com.tibco.bw.migration.logger  - Migrating process - Processes/CloudBlue/GetCloudBlueSubscriptionID.process
2021-02-09 17:43:33,350 [Worker-1] INFO  com.tibco.bw.migration.logger  - The process "CloudBlue.GetCloudBlueSubscriptionID" migration started
2021-02-09 17:43:35,133 [Worker-1] INFO  com.tibco.bw.migration.logger  - The process "CloudBlue.GetCloudBlueSubscriptionID" migration done.
2021-02-09 17:43:35,460 [Worker-1] INFO  com.tibco.bw.migration.logger  - Migrating process - Processes/CloudBlue/OrderCancelCloudBlue.process
2021-02-09 17:43:35,465 [Worker-1] INFO  com.tibco.bw.migration.logger  - The process "CloudBlue.OrderCancelCloudBlue" migration started
2021-02-09 17:43:37,371 [Worker-1] INFO  com.tibco.bw.migration.logger  - The process "CloudBlue.OrderCancelCloudBlue" migration done.
2021-02-09 17:43:37,714 [Worker-1] INFO  com.tibco.bw.migration.logger  - Migrating process - Processes/CloudBlue/OrderCreateCloudBlue.process
2021-02-09 17:43:37,719 [Worker-1] INFO  com.tibco.bw.migration.logger  - The process "CloudBlue.OrderCreateCloudBlue" migration started
2021-02-09 17:43:41,778 [Worker-1] INFO  com.tibco.bw.migration.logger  - The process "CloudBlue.OrderCreateCloudBlue" migration done.
2021-02-09 17:43:42,309 [Worker-1] INFO  com.tibco.bw.migration.logger  - Migrating process - Processes/Common/DownTimes.process
2021-02-09 17:43:42,312 [Worker-1] INFO  com.tibco.bw.migration.logger  - The process "Common.DownTimes" migration started
2021-02-09 17:43:51,800 [Worker-1] INFO  com.tibco.bw.migration.logger  - The process "Common.DownTimes" migration done.
2021-02-09 17:43:52,114 [Worker-1] INFO  com.tibco.bw.migration.logger  - Migrating process - Processes/Common/Load_OnOffLineTimes.process
2021-02-09 17:43:52,119 [Worker-1] INFO  com.tibco.bw.migration.logger  - The process "Common.Load_OnOffLineTimes" migration started
2021-02-09 17:43:52,612 [Worker-1] WARN  com.tibco.bw.migration.logger  - Having trouble getting database column metadata for activity JDBC Query
2021-02-09 17:43:53,399 [Worker-1] WARN  com.tibco.bw.migration.logger  - Having trouble getting database column metadata for activity JDBC-Query-1
2021-02-09 17:43:54,094 [Worker-1] INFO  com.tibco.bw.migration.logger  - The process "Common.Load_OnOffLineTimes" migration done.
2021-02-09 17:43:54,417 [Worker-1] INFO  com.tibco.bw.migration.logger  - Migrating process - Processes/OrderCreateImpulse.process
2021-02-09 17:43:54,417 [Worker-1] INFO  com.tibco.bw.migration.logger  - The process "OrderCreateImpulse" migration started
2021-02-09 17:44:07,437 [Worker-1] INFO  com.tibco.bw.migration.logger  - The process "OrderCreateImpulse" migration done.
2021-02-09 17:44:08,221 [Worker-1] INFO  com.tibco.bw.migration.logger  - Migrating process - Processes/OrderCreateSAP.process
2021-02-09 17:44:08,224 [Worker-1] INFO  com.tibco.bw.migration.logger  - The process "OrderCreateSAP" migration started
2021-02-09 17:44:11,622 [Worker-1] INFO  com.tibco.bw.migration.logger  - The process "OrderCreateSAP" migration done.
2021-02-09 17:44:11,934 [Worker-1] INFO  com.tibco.bw.migration.logger  - Migrating process - Processes/ParseValidationErrorStackTrace.process
2021-02-09 17:44:11,937 [Worker-1] INFO  com.tibco.bw.migration.logger  - The process "ParseValidationErrorStackTrace" migration started
2021-02-09 17:44:12,775 [Worker-1] INFO  com.tibco.bw.migration.logger  - The process "ParseValidationErrorStackTrace" migration done.
2021-02-09 17:44:13,052 [Worker-1] INFO  com.tibco.bw.migration.logger  - Migrating process - Processes/ValidateRequest.process
2021-02-09 17:44:13,059 [Worker-1] INFO  com.tibco.bw.migration.logger  - The process "ValidateRequest" migration started
2021-02-09 17:44:13,897 [Worker-1] INFO  com.tibco.bw.migration.logger  - The process "ValidateRequest" migration done.
2021-02-09 17:44:14,239 [Worker-1] INFO  com.tibco.bw.migration.logger  - Migrating process - Processes/RESTJSONHTTPReceiver.process
2021-02-09 17:44:14,244 [Worker-1] INFO  com.tibco.bw.migration.logger  - The process "RESTJSONHTTPReceiver" migration started
2021-02-09 17:44:21,532 [Worker-1] INFO  com.tibco.bw.migration.logger  - The process "RESTJSONHTTPReceiver" migration done.
