2021-02-09 18:40:33,837 [Worker-5] INFO  com.tibco.bw.migration.logger  - Generating BW 6 application for BW5 project/projects at C:\Users\Naveen Nallakalva\Downloads\New folder\OrderCreate_v2_0
2021-02-09 18:40:35,798 [Worker-5] INFO  com.tibco.bw.migration.logger  - ========================================================================
2021-02-09 18:40:35,798 [Worker-5] INFO  com.tibco.bw.migration.logger  - Reading referenced SharedModule=OrderCreate_v2_0_Shared content.
2021-02-09 18:40:35,798 [Worker-5] INFO  com.tibco.bw.migration.logger  - ========================================================================
2021-02-09 18:40:35,799 [Worker-5] INFO  com.tibco.bw.migration.logger  - ========================================================================
2021-02-09 18:40:35,835 [Worker-5] INFO  com.tibco.bw.migration.logger  - Migrating Global Variables..
2021-02-09 18:40:36,110 [Worker-5] INFO  com.tibco.bw.migration.logger  - Migrating Shared Resources..
2021-02-09 18:40:36,181 [Worker-5] INFO  com.tibco.bw.migration.logger  - Migrating XML Schema resource :C:/Users/Naveen Nallakalva/Downloads/New folder/OrderCreate_v2_0/Resources/OrderCreateAuthRequest.xsd
2021-02-09 18:40:36,254 [Worker-5] INFO  com.tibco.bw.migration.logger  - Migrating XML Schema resource :C:/Users/Naveen Nallakalva/Downloads/New folder/OrderCreate_v2_0/Resources/ImpulseStockResponse.xsd
2021-02-09 18:40:36,271 [Worker-5] INFO  com.tibco.bw.migration.logger  - Migrating XML Schema resource :C:/Users/Naveen Nallakalva/Downloads/New folder/OrderCreate_v2_0/Resources/OrderCreateResponse.xsd
2021-02-09 18:40:36,550 [Worker-5] INFO  com.tibco.bw.migration.logger  - Migrating XML Schema resource :C:/Users/Naveen Nallakalva/Downloads/New folder/OrderCreate_v2_0/Resources/CloudBlue/OrderCreateRequestCloudBlue.xsd
2021-02-09 18:40:36,570 [Worker-5] INFO  com.tibco.bw.migration.logger  - Migrating XML Schema resource :C:/Users/Naveen Nallakalva/Downloads/New folder/OrderCreate_v2_0/Resources/CloudBlue/OrderCancelResponseCloudBlue.xsd
2021-02-09 18:40:36,576 [Worker-5] INFO  com.tibco.bw.migration.logger  - Migrating XML Schema resource :C:/Users/Naveen Nallakalva/Downloads/New folder/OrderCreate_v2_0/Resources/CloudBlue/ResellerID_Response.xsd
2021-02-09 18:40:36,587 [Worker-5] INFO  com.tibco.bw.migration.logger  - Migrating XML Schema resource :C:/Users/Naveen Nallakalva/Downloads/New folder/OrderCreate_v2_0/Resources/CloudBlue/OrderCancelRequestCloudBlue.xsd
2021-02-09 18:40:36,613 [Worker-5] INFO  com.tibco.bw.migration.logger  - Migrating XML Schema resource :C:/Users/Naveen Nallakalva/Downloads/New folder/OrderCreate_v2_0/Resources/CloudBlue/OMPOrderCreateRequest.xsd
2021-02-09 18:40:36,647 [Worker-5] INFO  com.tibco.bw.migration.logger  - Migrating XML Schema resource :C:/Users/Naveen Nallakalva/Downloads/New folder/OrderCreate_v2_0/Resources/CloudBlue/OrderCreateResponseCloudBlue.xsd
2021-02-09 18:40:36,652 [Worker-5] INFO  com.tibco.bw.migration.logger  - Migrating XML Schema resource :C:/Users/Naveen Nallakalva/Downloads/New folder/OrderCreate_v2_0/Resources/CloudBlue/ResellerID_Request.xsd
2021-02-09 18:40:36,701 [Worker-5] INFO  com.tibco.bw.migration.logger  - Migrating XML Schema resource :C:/Users/Naveen Nallakalva/Downloads/New folder/OrderCreate_v2_0/Resources/OrderCreateRequest.xsd
2021-02-09 18:40:36,741 [Worker-5] INFO  com.tibco.bw.migration.logger  - Migrating XML Schema resource :C:/Users/Naveen Nallakalva/Downloads/New folder/OrderCreate_v2_0/Resources/ImpulseStockRequest.xsd
2021-02-09 18:40:36,751 [Worker-5] INFO  com.tibco.bw.migration.logger  - Migrating XML Schema resource :C:/Users/Naveen Nallakalva/Downloads/New folder/OrderCreate_v2_0/Resources/OrderCreateRequestIFS.xsd
2021-02-09 18:40:36,772 [Worker-5] INFO  com.tibco.bw.migration.logger  - Migrating XML Schema resource :C:/Users/Naveen Nallakalva/Downloads/New folder/OrderCreate_v2_0/Resources/OrderCreateRequestSAP.xsd
2021-02-09 18:40:36,805 [Worker-5] INFO  com.tibco.bw.migration.logger  - Migrating XML Schema resource :C:/Users/Naveen Nallakalva/Downloads/New folder/OrderCreate_v2_0/Resources/OrderCreateRequestImpulse.xsd
2021-02-09 18:40:37,057 [Worker-5] INFO  com.tibco.bw.migration.logger  - Migrating XML Schema resource :C:/Users/Naveen Nallakalva/Downloads/New folder/OrderCreate_v2_0/Resources/OrderCreateMappingResponse_v2_0.xsd
2021-02-09 18:40:37,087 [Worker-5] INFO  com.tibco.bw.migration.logger  - Migrating XML Schema resource :C:/Users/Naveen Nallakalva/Downloads/New folder/OrderCreate_v2_0/OrderCreate_v2_0/Processes/ValidateRequest-Start-Input.xsd
2021-02-09 18:40:37,117 [Worker-5] INFO  com.tibco.bw.migration.logger  - Migrating XML Schema resource :C:/Users/Naveen Nallakalva/Downloads/New folder/OrderCreate_v2_0/OrderCreate_v2_0/Processes/OrderCreateImpulse-Get-hold-valueInline.xsd
2021-02-09 18:40:37,120 [Worker-5] INFO  com.tibco.bw.migration.logger  - Migrating XML Schema resource :C:/Users/Naveen Nallakalva/Downloads/New folder/OrderCreate_v2_0/OrderCreate_v2_0/Processes/OrderCreateImpulse-Get-Region-CodeInline.xsd
2021-02-09 18:40:37,138 [Worker-5] INFO  com.tibco.bw.migration.logger  - Migrating XML Schema resource :C:/Users/Naveen Nallakalva/Downloads/New folder/OrderCreate_v2_0/OrderCreate_v2_0/Processes/OrderCreateSAP-Start-Input.xsd
2021-02-09 18:40:37,159 [Worker-5] INFO  com.tibco.bw.migration.logger  - Migrating XML Schema resource :C:/Users/Naveen Nallakalva/Downloads/New folder/OrderCreate_v2_0/OrderCreate_v2_0/Processes/OrderCreateImpulse-GetCustomerLinenumberInline.xsd
2021-02-09 18:40:37,171 [Worker-5] INFO  com.tibco.bw.migration.logger  - Migrating XML Schema resource :C:/Users/Naveen Nallakalva/Downloads/New folder/OrderCreate_v2_0/OrderCreate_v2_0/Processes/OrderCreateSAP-LicenceConfigurationDataInline.xsd
2021-02-09 18:40:37,187 [Worker-5] INFO  com.tibco.bw.migration.logger  - Migrating XML Schema resource :C:/Users/Naveen Nallakalva/Downloads/New folder/OrderCreate_v2_0/OrderCreate_v2_0/Processes/CloudBlue/CallCloudBlue-End-Output.xsd
2021-02-09 18:40:37,219 [Worker-5] INFO  com.tibco.bw.migration.logger  - Migrating XML Schema resource :C:/Users/Naveen Nallakalva/Downloads/New folder/OrderCreate_v2_0/OrderCreate_v2_0/Processes/CloudBlue/GetCloudBlueResellerID-End-Output.xsd
2021-02-09 18:40:37,260 [Worker-5] INFO  com.tibco.bw.migration.logger  - Migrating XML Schema resource :C:/Users/Naveen Nallakalva/Downloads/New folder/OrderCreate_v2_0/OrderCreate_v2_0/Processes/CloudBlue/GetCloudBlueSubscriptionID-Start-Input.xsd
2021-02-09 18:40:37,280 [Worker-5] INFO  com.tibco.bw.migration.logger  - Migrating XML Schema resource :C:/Users/Naveen Nallakalva/Downloads/New folder/OrderCreate_v2_0/OrderCreate_v2_0/Processes/CloudBlue/CallCloudBlue-Fault-ErrorSchema.xsd
2021-02-09 18:40:37,288 [Worker-5] INFO  com.tibco.bw.migration.logger  - Migrating XML Schema resource :C:/Users/Naveen Nallakalva/Downloads/New folder/OrderCreate_v2_0/OrderCreate_v2_0/Processes/CloudBlue/OrderCancelCloudBlue-Start-Input.xsd
2021-02-09 18:40:37,340 [Worker-5] INFO  com.tibco.bw.migration.logger  - Migrating XML Schema resource :C:/Users/Naveen Nallakalva/Downloads/New folder/OrderCreate_v2_0/OrderCreate_v2_0/Processes/CloudBlue/GetCloudBlueSubscriptionID-End-Output.xsd
2021-02-09 18:40:37,364 [Worker-5] INFO  com.tibco.bw.migration.logger  - Migrating XML Schema resource :C:/Users/Naveen Nallakalva/Downloads/New folder/OrderCreate_v2_0/OrderCreate_v2_0/Processes/CloudBlue/CallCloudBlue-Start-Input.xsd
2021-02-09 18:40:37,380 [Worker-5] INFO  com.tibco.bw.migration.logger  - Migrating XML Schema resource :C:/Users/Naveen Nallakalva/Downloads/New folder/OrderCreate_v2_0/OrderCreate_v2_0/Processes/CloudBlue/GetCloudBlueResellerID-Start-Input.xsd
2021-02-09 18:40:37,393 [Worker-5] INFO  com.tibco.bw.migration.logger  - Migrating XML Schema resource :C:/Users/Naveen Nallakalva/Downloads/New folder/OrderCreate_v2_0/OrderCreate_v2_0/Processes/CloudBlue/OrderCreateCloudBlue-CheckInline.xsd
2021-02-09 18:40:37,408 [Worker-5] INFO  com.tibco.bw.migration.logger  - Migrating XML Schema resource :C:/Users/Naveen Nallakalva/Downloads/New folder/OrderCreate_v2_0/OrderCreate_v2_0/Processes/ParseValidationErrorStackTrace-End-Output.xsd
2021-02-09 18:40:37,443 [Worker-5] INFO  com.tibco.bw.migration.logger  - Migrating XML Schema resource :C:/Users/Naveen Nallakalva/Downloads/New folder/OrderCreate_v2_0/OrderCreate_v2_0/Processes/Common/DownTimes-SetCC_DaynumInline.xsd
2021-02-09 18:40:37,447 [Worker-5] INFO  com.tibco.bw.migration.logger  - Migrating XML Schema resource :C:/Users/Naveen Nallakalva/Downloads/New folder/OrderCreate_v2_0/OrderCreate_v2_0/Processes/Common/DownTimes-ON_OFF-1Inline.xsd
2021-02-09 18:40:37,450 [Worker-5] INFO  com.tibco.bw.migration.logger  - Migrating XML Schema resource :C:/Users/Naveen Nallakalva/Downloads/New folder/OrderCreate_v2_0/OrderCreate_v2_0/Processes/Common/DownTimes-Start-Input.xsd
2021-02-09 18:40:37,454 [Worker-5] INFO  com.tibco.bw.migration.logger  - Migrating XML Schema resource :C:/Users/Naveen Nallakalva/Downloads/New folder/OrderCreate_v2_0/OrderCreate_v2_0/Processes/Common/DownTimes-GetRegTimesInline.xsd
2021-02-09 18:40:37,464 [Worker-5] INFO  com.tibco.bw.migration.logger  - Migrating XML Schema resource :C:/Users/Naveen Nallakalva/Downloads/New folder/OrderCreate_v2_0/OrderCreate_v2_0/Processes/Common/DownTimes-ON_OFFInline.xsd
2021-02-09 18:40:37,500 [Worker-5] INFO  com.tibco.bw.migration.logger  - Migrating XML Schema resource :C:/Users/Naveen Nallakalva/Downloads/New folder/OrderCreate_v2_0/OrderCreate_v2_0/Processes/Common/DownTimes-End-Output.xsd
2021-02-09 18:40:37,503 [Worker-5] INFO  com.tibco.bw.migration.logger  - Migrating XML Schema resource :C:/Users/Naveen Nallakalva/Downloads/New folder/OrderCreate_v2_0/OrderCreate_v2_0/Processes/ParseValidationErrorStackTrace-Start-Input.xsd
2021-02-09 18:40:37,513 [Worker-5] INFO  com.tibco.bw.migration.logger  - Migrating XML Schema resource :C:/Users/Naveen Nallakalva/Downloads/New folder/OrderCreate_v2_0/OrderCreate_v2_0/Processes/RESTJSONHTTPReceiver-LMID.xsd
2021-02-09 18:40:37,550 [Worker-5] INFO  com.tibco.bw.migration.logger  - Migrating XML Schema resource :C:/Users/Naveen Nallakalva/Downloads/New folder/OrderCreate_v2_0/OrderCreate_v2_0/Processes/ValidateRequest-CheckMandatoryImpulseInline.xsd
2021-02-09 18:40:37,633 [Worker-5] INFO  com.tibco.bw.migration.logger  - Migrating XML Schema resource :C:/Users/Naveen Nallakalva/Downloads/New folder/OrderCreate_v2_0/OrderCreate_v2_0/Processes/OrderCreateImpulse-Map-User-DataInline.xsd
2021-02-09 18:40:37,732 [Worker-5] INFO  com.tibco.bw.migration.logger  - Migrating XML Schema resource :C:/Users/Naveen Nallakalva/Downloads/New folder/OrderCreate_v2_0/OrderCreate_v2_0/Resources/OrderCreateRequestImpulse.xsd
2021-02-09 18:40:37,878 [Worker-5] INFO  com.tibco.bw.migration.logger  - Migrating XML Schema resource :C:/Users/Naveen Nallakalva/Downloads/New folder/OrderCreate_v2_0/OrderCreate_v2_0/Resources/OrderCreateAuthRequest.xsd
2021-02-09 18:40:37,928 [Worker-5] INFO  com.tibco.bw.migration.logger  - Migrating XML Schema resource :C:/Users/Naveen Nallakalva/Downloads/New folder/OrderCreate_v2_0/OrderCreate_v2_0/Resources/ImpulseStockResponse.xsd
2021-02-09 18:40:37,990 [Worker-5] INFO  com.tibco.bw.migration.logger  - Migrating XML Schema resource :C:/Users/Naveen Nallakalva/Downloads/New folder/OrderCreate_v2_0/OrderCreate_v2_0/Resources/OrderCreateResponse.xsd
2021-02-09 18:40:38,134 [Worker-5] INFO  com.tibco.bw.migration.logger  - Migrating XML Schema resource :C:/Users/Naveen Nallakalva/Downloads/New folder/OrderCreate_v2_0/OrderCreate_v2_0/Resources/CloudBlue/OrderCreateRequestCloudBlue.xsd
2021-02-09 18:40:38,143 [Worker-5] INFO  com.tibco.bw.migration.logger  - Migrating XML Schema resource :C:/Users/Naveen Nallakalva/Downloads/New folder/OrderCreate_v2_0/OrderCreate_v2_0/Resources/CloudBlue/OrderCancelResponseCloudBlue.xsd
2021-02-09 18:40:38,151 [Worker-5] INFO  com.tibco.bw.migration.logger  - Migrating XML Schema resource :C:/Users/Naveen Nallakalva/Downloads/New folder/OrderCreate_v2_0/OrderCreate_v2_0/Resources/CloudBlue/ResellerID_Response.xsd
2021-02-09 18:40:38,159 [Worker-5] INFO  com.tibco.bw.migration.logger  - Migrating XML Schema resource :C:/Users/Naveen Nallakalva/Downloads/New folder/OrderCreate_v2_0/OrderCreate_v2_0/Resources/CloudBlue/OrderCancelRequestCloudBlue.xsd
2021-02-09 18:40:38,162 [Worker-5] INFO  com.tibco.bw.migration.logger  - Migrating XML Schema resource :C:/Users/Naveen Nallakalva/Downloads/New folder/OrderCreate_v2_0/OrderCreate_v2_0/Resources/CloudBlue/OMPOrderCreateRequest.xsd
2021-02-09 18:40:38,191 [Worker-5] INFO  com.tibco.bw.migration.logger  - Migrating XML Schema resource :C:/Users/Naveen Nallakalva/Downloads/New folder/OrderCreate_v2_0/OrderCreate_v2_0/Resources/CloudBlue/OrderCreateResponseCloudBlue.xsd
2021-02-09 18:40:38,196 [Worker-5] INFO  com.tibco.bw.migration.logger  - Migrating XML Schema resource :C:/Users/Naveen Nallakalva/Downloads/New folder/OrderCreate_v2_0/OrderCreate_v2_0/Resources/CloudBlue/ResellerID_Request.xsd
2021-02-09 18:40:38,224 [Worker-5] INFO  com.tibco.bw.migration.logger  - Migrating XML Schema resource :C:/Users/Naveen Nallakalva/Downloads/New folder/OrderCreate_v2_0/OrderCreate_v2_0/Resources/OrderCreateRequest.xsd
2021-02-09 18:40:38,257 [Worker-5] INFO  com.tibco.bw.migration.logger  - Migrating XML Schema resource :C:/Users/Naveen Nallakalva/Downloads/New folder/OrderCreate_v2_0/OrderCreate_v2_0/Resources/ImpulseStockRequest.xsd
2021-02-09 18:40:38,261 [Worker-5] INFO  com.tibco.bw.migration.logger  - Migrating XML Schema resource :C:/Users/Naveen Nallakalva/Downloads/New folder/OrderCreate_v2_0/OrderCreate_v2_0/Resources/OrderCreateRequestIFS.xsd
2021-02-09 18:40:38,305 [Worker-5] INFO  com.tibco.bw.migration.logger  - Migrating XML Schema resource :C:/Users/Naveen Nallakalva/Downloads/New folder/OrderCreate_v2_0/OrderCreate_v2_0/Resources/OrderCreateMappingResponse_v2_0.xsd
2021-02-09 18:40:38,324 [Worker-5] INFO  com.tibco.bw.migration.logger  - Migrating XML Schema resource :C:/Users/Naveen Nallakalva/Downloads/New folder/OrderCreate_v2_0/OrderCreate_v2_0/Resources/OrderCreateRequestSAP.xsd
2021-02-09 18:40:38,404 [Worker-5] INFO  com.tibco.bw.migration.logger  - Migrating XML Schema resource :C:/Users/Naveen Nallakalva/Downloads/New folder/OrderCreate_v2_0/OrderCreate_v2_0/Schemas/JSONParserActivityOutputSchema1.xsd
2021-02-09 18:40:38,414 [Worker-5] INFO  com.tibco.bw.migration.logger  - Migrating XML Schema resource :C:/Users/Naveen Nallakalva/Downloads/New folder/OrderCreate_v2_0/OrderCreate_v2_0/Schemas/JSONParserActivityOutputSchema3.xsd
2021-02-09 18:40:38,441 [Worker-5] INFO  com.tibco.bw.migration.logger  - Migrating XML Schema resource :C:/Users/Naveen Nallakalva/Downloads/New folder/OrderCreate_v2_0/OrderCreate_v2_0/Schemas/Ingram/ErrorHandlerEvent_v2_2.xsd
2021-02-09 18:40:38,455 [Worker-5] INFO  com.tibco.bw.migration.logger  - Migrating XML Schema resource :C:/Users/Naveen Nallakalva/Downloads/New folder/OrderCreate_v2_0/OrderCreate_v2_0/Schemas/Ingram/ErrorHandlerEvent_v2_1.xsd
2021-02-09 18:40:38,471 [Worker-5] INFO  com.tibco.bw.migration.logger  - Migrating XML Schema resource :C:/Users/Naveen Nallakalva/Downloads/New folder/OrderCreate_v2_0/OrderCreate_v2_0/Schemas/Ingram/ErrorHandlerEvent.xsd
2021-02-09 18:40:38,479 [Worker-5] INFO  com.tibco.bw.migration.logger  - Migrating XML Schema resource :C:/Users/Naveen Nallakalva/Downloads/New folder/OrderCreate_v2_0/OrderCreate_v2_0/Schemas/Ingram/LoggerEvent.xsd
2021-02-09 18:40:38,491 [Worker-5] INFO  com.tibco.bw.migration.logger  - Migrating XML Schema resource :C:/Users/Naveen Nallakalva/Downloads/New folder/OrderCreate_v2_0/OrderCreate_v2_0/Schemas/JSONParserActivityOutputSchema2.xsd
2021-02-09 18:40:38,505 [Worker-5] INFO  com.tibco.bw.migration.logger  - Migrating XML Schema resource :C:/Users/Naveen Nallakalva/Downloads/New folder/OrderCreate_v2_0/OrderCreate_v2_0/Schemas/ae2xsd.xsd
2021-02-09 18:40:38,517 [Worker-5] INFO  com.tibco.bw.migration.logger  - Migrating XML Schema resource :C:/Users/Naveen Nallakalva/Downloads/New folder/OrderCreate_v2_0/OrderCreate_v2_0/Schemas/JSONParserActivityOutputSchema.xsd
2021-02-09 18:40:38,530 [Worker-5] INFO  com.tibco.bw.migration.logger  - Migrating XML Schema resource :C:/Users/Naveen Nallakalva/Downloads/New folder/OrderCreate_v2_0/OrderCreate_v2_0/OrderCreate_v2_0/Schemas/Ingram/ErrorHandlerEvent_v2_2.xsd
2021-02-09 18:40:38,540 [Worker-5] INFO  com.tibco.bw.migration.logger  - Migrating XML Schema resource :C:/Users/Naveen Nallakalva/Downloads/New folder/OrderCreate_v2_0/OrderCreate_v2_0/OrderCreate_v2_0/Schemas/Ingram/ErrorHandlerEvent_v2_1.xsd
2021-02-09 18:40:38,542 [Worker-5] INFO  com.tibco.bw.migration.logger  - Migrating XML Schema resource :C:/Users/Naveen Nallakalva/Downloads/New folder/OrderCreate_v2_0/OrderCreate_v2_0/OrderCreate_v2_0/Schemas/Ingram/ErrorHandlerEvent.xsd
2021-02-09 18:40:38,554 [Worker-5] INFO  com.tibco.bw.migration.logger  - Migrating XML Schema resource :C:/Users/Naveen Nallakalva/Downloads/New folder/OrderCreate_v2_0/OrderCreate_v2_0/OrderCreate_v2_0/Schemas/Ingram/LoggerEvent.xsd
2021-02-09 18:40:38,559 [Worker-5] INFO  com.tibco.bw.migration.logger  - Migrating XML Schema resource :C:/Users/Naveen Nallakalva/Downloads/New folder/OrderCreate_v2_0/OrderCreate_v2_0/OrderCreate_v2_0/Schemas/ae2xsd.xsd
2021-02-09 18:40:38,564 [Worker-5] INFO  com.tibco.bw.migration.logger  - Migrating XML Schema resource :C:/Users/Naveen Nallakalva/Downloads/New folder/OrderCreate_v2_0/OrderCreate_v2_0/OrderCreate_v2_0/Resources/OrderCreateRequestImpulse.xsd
2021-02-09 18:40:38,633 [Worker-5] INFO  com.tibco.bw.migration.logger  - Migrating XML Schema resource :C:/Users/Naveen Nallakalva/Downloads/New folder/OrderCreate_v2_0/OrderCreate_v2_0/OrderCreate_v2_0/Resources/OrderCreateAuthRequest.xsd
2021-02-09 18:40:38,679 [Worker-5] INFO  com.tibco.bw.migration.logger  - Migrating XML Schema resource :C:/Users/Naveen Nallakalva/Downloads/New folder/OrderCreate_v2_0/OrderCreate_v2_0/OrderCreate_v2_0/Resources/ImpulseStockResponse.xsd
2021-02-09 18:40:38,736 [Worker-5] INFO  com.tibco.bw.migration.logger  - Migrating XML Schema resource :C:/Users/Naveen Nallakalva/Downloads/New folder/OrderCreate_v2_0/OrderCreate_v2_0/OrderCreate_v2_0/Resources/OrderCreateResponse.xsd
2021-02-09 18:40:38,844 [Worker-5] INFO  com.tibco.bw.migration.logger  - Migrating XML Schema resource :C:/Users/Naveen Nallakalva/Downloads/New folder/OrderCreate_v2_0/OrderCreate_v2_0/OrderCreate_v2_0/Resources/CloudBlue/OrderCreateRequestCloudBlue.xsd
2021-02-09 18:40:38,849 [Worker-5] INFO  com.tibco.bw.migration.logger  - Migrating XML Schema resource :C:/Users/Naveen Nallakalva/Downloads/New folder/OrderCreate_v2_0/OrderCreate_v2_0/OrderCreate_v2_0/Resources/CloudBlue/OrderCancelResponseCloudBlue.xsd
2021-02-09 18:40:38,863 [Worker-5] INFO  com.tibco.bw.migration.logger  - Migrating XML Schema resource :C:/Users/Naveen Nallakalva/Downloads/New folder/OrderCreate_v2_0/OrderCreate_v2_0/OrderCreate_v2_0/Resources/CloudBlue/ResellerID_Response.xsd
2021-02-09 18:40:38,869 [Worker-5] INFO  com.tibco.bw.migration.logger  - Migrating XML Schema resource :C:/Users/Naveen Nallakalva/Downloads/New folder/OrderCreate_v2_0/OrderCreate_v2_0/OrderCreate_v2_0/Resources/CloudBlue/OrderCancelRequestCloudBlue.xsd
2021-02-09 18:40:38,877 [Worker-5] INFO  com.tibco.bw.migration.logger  - Migrating XML Schema resource :C:/Users/Naveen Nallakalva/Downloads/New folder/OrderCreate_v2_0/OrderCreate_v2_0/OrderCreate_v2_0/Resources/CloudBlue/OMPOrderCreateRequest.xsd
2021-02-09 18:40:38,910 [Worker-5] INFO  com.tibco.bw.migration.logger  - Migrating XML Schema resource :C:/Users/Naveen Nallakalva/Downloads/New folder/OrderCreate_v2_0/OrderCreate_v2_0/OrderCreate_v2_0/Resources/CloudBlue/OrderCreateResponseCloudBlue.xsd
2021-02-09 18:40:38,918 [Worker-5] INFO  com.tibco.bw.migration.logger  - Migrating XML Schema resource :C:/Users/Naveen Nallakalva/Downloads/New folder/OrderCreate_v2_0/OrderCreate_v2_0/OrderCreate_v2_0/Resources/CloudBlue/ResellerID_Request.xsd
2021-02-09 18:40:38,959 [Worker-5] INFO  com.tibco.bw.migration.logger  - Migrating XML Schema resource :C:/Users/Naveen Nallakalva/Downloads/New folder/OrderCreate_v2_0/OrderCreate_v2_0/OrderCreate_v2_0/Resources/OrderCreateRequest.xsd
2021-02-09 18:40:38,989 [Worker-5] INFO  com.tibco.bw.migration.logger  - Migrating XML Schema resource :C:/Users/Naveen Nallakalva/Downloads/New folder/OrderCreate_v2_0/OrderCreate_v2_0/OrderCreate_v2_0/Resources/ImpulseStockRequest.xsd
2021-02-09 18:40:38,995 [Worker-5] INFO  com.tibco.bw.migration.logger  - Migrating XML Schema resource :C:/Users/Naveen Nallakalva/Downloads/New folder/OrderCreate_v2_0/OrderCreate_v2_0/OrderCreate_v2_0/Resources/OrderCreateRequestIFS.xsd
2021-02-09 18:40:39,018 [Worker-5] INFO  com.tibco.bw.migration.logger  - Migrating XML Schema resource :C:/Users/Naveen Nallakalva/Downloads/New folder/OrderCreate_v2_0/OrderCreate_v2_0/OrderCreate_v2_0/Resources/OrderCreateMappingResponse_v2_0.xsd
2021-02-09 18:40:39,028 [Worker-5] INFO  com.tibco.bw.migration.logger  - Migrating XML Schema resource :C:/Users/Naveen Nallakalva/Downloads/New folder/OrderCreate_v2_0/OrderCreate_v2_0/OrderCreate_v2_0/Resources/OrderCreateRequestSAP.xsd
2021-02-09 18:40:47,293 [Worker-5] INFO  com.tibco.bw.migration.logger  - Migrating Processes..
2021-02-09 18:40:47,299 [Worker-5] INFO  com.tibco.bw.migration.logger  - Process Migration Order is => 
2021-02-09 18:40:47,301 [Worker-5] INFO  com.tibco.bw.migration.logger  - Processes/CloudBlue/GetCloudBlueSubscriptionID.process
2021-02-09 18:40:47,301 [Worker-5] INFO  com.tibco.bw.migration.logger  - Processes/CloudBlue/GetCloudBlueResellerID.process
2021-02-09 18:40:47,301 [Worker-5] INFO  com.tibco.bw.migration.logger  - Processes/CloudBlue/OrderCancelCloudBlue.process
2021-02-09 18:40:47,301 [Worker-5] INFO  com.tibco.bw.migration.logger  - Processes/CloudBlue/CallCloudBlue.process
2021-02-09 18:40:47,301 [Worker-5] INFO  com.tibco.bw.migration.logger  - Processes/CloudBlue/OrderCreateCloudBlue.process
2021-02-09 18:40:47,301 [Worker-5] INFO  com.tibco.bw.migration.logger  - Processes/OrderCreateSAP.process
2021-02-09 18:40:47,301 [Worker-5] INFO  com.tibco.bw.migration.logger  - Processes/Common/Load_OnOffLineTimes.process
2021-02-09 18:40:47,301 [Worker-5] INFO  com.tibco.bw.migration.logger  - Processes/Common/DownTimes.process
2021-02-09 18:40:47,301 [Worker-5] INFO  com.tibco.bw.migration.logger  - Processes/ValidateRequest.process
2021-02-09 18:40:47,301 [Worker-5] INFO  com.tibco.bw.migration.logger  - Processes/OrderCreateImpulse.process
2021-02-09 18:40:47,301 [Worker-5] INFO  com.tibco.bw.migration.logger  - Processes/ParseValidationErrorStackTrace.process
2021-02-09 18:40:47,301 [Worker-5] INFO  com.tibco.bw.migration.logger  - Processes/RESTJSONHTTPReceiver.process
2021-02-09 18:40:48,100 [Worker-5] INFO  com.tibco.bw.migration.logger  - Migrating process - Processes/CloudBlue/GetCloudBlueSubscriptionID.process
2021-02-09 18:40:48,102 [Worker-5] INFO  com.tibco.bw.migration.logger  - The process "CloudBlue.GetCloudBlueSubscriptionID" migration started
2021-02-09 18:40:50,350 [Worker-5] INFO  com.tibco.bw.migration.logger  - The process "CloudBlue.GetCloudBlueSubscriptionID" migration done.
2021-02-09 18:40:50,800 [Worker-5] INFO  com.tibco.bw.migration.logger  - Migrating process - Processes/CloudBlue/GetCloudBlueResellerID.process
2021-02-09 18:40:50,812 [Worker-5] INFO  com.tibco.bw.migration.logger  - The process "CloudBlue.GetCloudBlueResellerID" migration started
2021-02-09 18:40:52,360 [Worker-5] INFO  com.tibco.bw.migration.logger  - The process "CloudBlue.GetCloudBlueResellerID" migration done.
2021-02-09 18:40:52,670 [Worker-5] INFO  com.tibco.bw.migration.logger  - Migrating process - Processes/CloudBlue/OrderCancelCloudBlue.process
2021-02-09 18:40:52,673 [Worker-5] INFO  com.tibco.bw.migration.logger  - The process "CloudBlue.OrderCancelCloudBlue" migration started
2021-02-09 18:40:54,660 [Worker-5] INFO  com.tibco.bw.migration.logger  - The process "CloudBlue.OrderCancelCloudBlue" migration done.
2021-02-09 18:40:54,969 [Worker-5] INFO  com.tibco.bw.migration.logger  - Migrating process - Processes/CloudBlue/CallCloudBlue.process
2021-02-09 18:40:54,972 [Worker-5] INFO  com.tibco.bw.migration.logger  - The process "CloudBlue.CallCloudBlue" migration started
2021-02-09 18:40:57,823 [Worker-5] INFO  com.tibco.bw.migration.logger  - The process "CloudBlue.CallCloudBlue" migration done.
2021-02-09 18:40:58,134 [Worker-5] INFO  com.tibco.bw.migration.logger  - Migrating process - Processes/CloudBlue/OrderCreateCloudBlue.process
2021-02-09 18:40:58,138 [Worker-5] INFO  com.tibco.bw.migration.logger  - The process "CloudBlue.OrderCreateCloudBlue" migration started
2021-02-09 18:41:01,768 [Worker-5] INFO  com.tibco.bw.migration.logger  - The process "CloudBlue.OrderCreateCloudBlue" migration done.
2021-02-09 18:41:02,142 [Worker-5] INFO  com.tibco.bw.migration.logger  - Migrating process - Processes/OrderCreateSAP.process
2021-02-09 18:41:02,150 [Worker-5] INFO  com.tibco.bw.migration.logger  - The process "OrderCreateSAP" migration started
2021-02-09 18:41:07,021 [Worker-5] INFO  com.tibco.bw.migration.logger  - The process "OrderCreateSAP" migration done.
2021-02-09 18:41:07,379 [Worker-5] INFO  com.tibco.bw.migration.logger  - Migrating process - Processes/Common/Load_OnOffLineTimes.process
2021-02-09 18:41:07,384 [Worker-5] INFO  com.tibco.bw.migration.logger  - The process "Common.Load_OnOffLineTimes" migration started
2021-02-09 18:41:07,740 [Worker-5] WARN  com.tibco.bw.migration.logger  - Having trouble getting database column metadata for activity JDBC Query
2021-02-09 18:41:08,446 [Worker-5] WARN  com.tibco.bw.migration.logger  - Having trouble getting database column metadata for activity JDBC-Query-1
2021-02-09 18:41:09,200 [Worker-5] INFO  com.tibco.bw.migration.logger  - The process "Common.Load_OnOffLineTimes" migration done.
2021-02-09 18:41:09,487 [Worker-5] INFO  com.tibco.bw.migration.logger  - Migrating process - Processes/Common/DownTimes.process
2021-02-09 18:41:09,489 [Worker-5] INFO  com.tibco.bw.migration.logger  - The process "Common.DownTimes" migration started
2021-02-09 18:41:12,850 [Worker-5] INFO  com.tibco.bw.migration.logger  - The process "Common.DownTimes" migration done.
2021-02-09 18:41:13,140 [Worker-5] INFO  com.tibco.bw.migration.logger  - Migrating process - Processes/ValidateRequest.process
2021-02-09 18:41:13,145 [Worker-5] INFO  com.tibco.bw.migration.logger  - The process "ValidateRequest" migration started
2021-02-09 18:41:14,216 [Worker-5] INFO  com.tibco.bw.migration.logger  - The process "ValidateRequest" migration done.
2021-02-09 18:41:14,597 [Worker-5] INFO  com.tibco.bw.migration.logger  - Migrating process - Processes/OrderCreateImpulse.process
2021-02-09 18:41:14,658 [Worker-5] INFO  com.tibco.bw.migration.logger  - The process "OrderCreateImpulse" migration started
2021-02-09 18:41:28,910 [Worker-5] INFO  com.tibco.bw.migration.logger  - The process "OrderCreateImpulse" migration done.
2021-02-09 18:41:29,446 [Worker-5] INFO  com.tibco.bw.migration.logger  - Migrating process - Processes/ParseValidationErrorStackTrace.process
2021-02-09 18:41:29,449 [Worker-5] INFO  com.tibco.bw.migration.logger  - The process "ParseValidationErrorStackTrace" migration started
2021-02-09 18:41:30,145 [Worker-5] INFO  com.tibco.bw.migration.logger  - The process "ParseValidationErrorStackTrace" migration done.
2021-02-09 18:41:30,449 [Worker-5] INFO  com.tibco.bw.migration.logger  - Migrating process - Processes/RESTJSONHTTPReceiver.process
2021-02-09 18:41:30,454 [Worker-5] INFO  com.tibco.bw.migration.logger  - The process "RESTJSONHTTPReceiver" migration started
2021-02-09 18:41:37,870 [Worker-5] INFO  com.tibco.bw.migration.logger  - The process "RESTJSONHTTPReceiver" migration done.
