----------------------------------------------------------------
2021-03-16 08:51:51.390 GMT:
 Booting Derby version The Apache Software Foundation - Apache Derby - 10.5.1.1 - (764942): instance a816c00e-0178-3a3b-f58e-ffff9eb81839
on database directory memory:C:\Users\Naveen Nallakalva\.TIBCO\workspace\.metadata\.plugins\com.tibco.xpd.resources\db\TibcoResources  

Database Class Loader started - derby.database.classpath=''
2021-03-17 06:18:00.122 GMT Thread[Worker-189,5,main] (XID = 38129), (SESSIONID = 1), (DATABASE = memory:TibcoResources), (DRDAID = null), Cleanup action starting
2021-03-17 06:18:00.123 GMT Thread[Worker-189,5,main] (XID = 38129), (SESSIONID = 1), (DATABASE = memory:TibcoResources), (DRDAID = null), Failed Statement is: INSERT INTO com_tibco_xpd_wsdl_wsdlIndexer(internal_name,internal_type,internal_uri,internal_path,internal_project,internal_updatetimestamp,qualification,container,referedPortType,transportUri,inSpecialFolder,isDerived,srcUri,targetNamespace) VALUES(?,?,?,?,?,?,?,?,?,?,?,?,?,?) with 14 parameters begin parameter #1: Modify :end parameter begin parameter #2: SERVICE_OPERATION :end parameter begin parameter #3: platform:/resource/OrderCreate_v2_0/Resources/OrderModifyConcreteWSDL.wsdl#//@eBindings.0/@eBindingOperations.0 :end parameter begin parameter #4: /OrderCreate_v2_0/Resources/OrderModifyConcreteWSDL.wsdl :end parameter begin parameter #5: OrderCreate_v2_0 :end parameter begin parameter #6: NULL :end parameter begin parameter #7: OrderModify_v1_0_vs0.OrderModify_v1_0_vs0 :end parameter begin parameter #8: platform:/resource/OrderCreate_v2_0/Resources/OrderModifyConcreteWSDL.wsdl#//@eServices.0/@ePorts.1 :end parameter begin parameter #9: NULL :end parameter begin parameter #10: NULL :end parameter begin parameter #11: n :end parameter begin parameter #12: n :end parameter begin parameter #13: NULL :end parameter begin parameter #14: http://www.ingrammicro.com/Processes/OrderModify/OrderModify_Service :end parameter 
ERROR 23505: The statement was aborted because it would have caused a duplicate key value in a unique or primary key constraint or unique index identified by 'SQL210316142152510' defined on 'COM_TIBCO_XPD_WSDL_WSDLINDEXER'.
	at org.apache.derby.iapi.error.StandardException.newException(StandardException.java:303)
	at org.apache.derby.impl.sql.execute.IndexChanger.insertAndCheckDups(IndexChanger.java:465)
	at org.apache.derby.impl.sql.execute.IndexChanger.doInsert(IndexChanger.java:383)
	at org.apache.derby.impl.sql.execute.IndexChanger.insert(IndexChanger.java:589)
	at org.apache.derby.impl.sql.execute.IndexSetChanger.insert(IndexSetChanger.java:268)
	at org.apache.derby.impl.sql.execute.RowChangerImpl.insertRow(RowChangerImpl.java:453)
	at org.apache.derby.impl.sql.execute.InsertResultSet.normalInsertCore(InsertResultSet.java:1022)
	at org.apache.derby.impl.sql.execute.InsertResultSet.open(InsertResultSet.java:495)
	at org.apache.derby.impl.sql.GenericPreparedStatement.executeStmt(GenericPreparedStatement.java:416)
	at org.apache.derby.impl.sql.GenericPreparedStatement.execute(GenericPreparedStatement.java:297)
	at org.apache.derby.impl.jdbc.EmbedStatement.executeStatement(EmbedStatement.java:1235)
	at org.apache.derby.impl.jdbc.EmbedPreparedStatement.executeBatchElement(EmbedPreparedStatement.java:1009)
	at org.apache.derby.impl.jdbc.EmbedStatement.executeBatch(EmbedStatement.java:974)
	at com.tibco.xpd.resources.internal.db.impl.derby.ResourceDbDerby.update(ResourceDbDerby.java:1447)
	at com.tibco.xpd.resources.internal.indexer.IndexerServiceImpl.o00000(IndexerServiceImpl.java:863)
	at com.tibco.xpd.resources.internal.indexer.IndexerServiceImpl.o00000(IndexerServiceImpl.java:756)
	at com.tibco.xpd.resources.internal.indexer.IndexerServiceImpl.access$1(IndexerServiceImpl.java:735)
	at com.tibco.xpd.resources.internal.indexer.IndexerServiceImpl$1.visit(IndexerServiceImpl.java:704)
	at org.eclipse.core.internal.resources.Resource$2.visit(Resource.java:126)
	at org.eclipse.core.internal.resources.Resource$1.visitElement(Resource.java:85)
	at org.eclipse.core.internal.watson.ElementTreeIterator.doIteration(ElementTreeIterator.java:82)
	at org.eclipse.core.internal.watson.ElementTreeIterator.doIteration(ElementTreeIterator.java:86)
	at org.eclipse.core.internal.watson.ElementTreeIterator.doIteration(ElementTreeIterator.java:86)
	at org.eclipse.core.internal.watson.ElementTreeIterator.iterate(ElementTreeIterator.java:127)
	at org.eclipse.core.internal.resources.Resource.accept(Resource.java:95)
	at org.eclipse.core.internal.resources.Resource.accept(Resource.java:52)
	at org.eclipse.core.internal.resources.Resource.accept(Resource.java:124)
	at org.eclipse.core.internal.resources.Resource.accept(Resource.java:108)
	at com.tibco.xpd.resources.internal.indexer.IndexerServiceImpl.clean(IndexerServiceImpl.java:688)
	at com.tibco.xpd.resources.internal.wc.ResourceFactoriesChangeListener$_o.visit(ResourceFactoriesChangeListener.java:127)
	at org.eclipse.core.internal.events.ResourceDelta.accept(ResourceDelta.java:69)
	at org.eclipse.core.internal.events.ResourceDelta.accept(ResourceDelta.java:80)
	at org.eclipse.core.internal.events.ResourceDelta.accept(ResourceDelta.java:49)
	at com.tibco.xpd.resources.internal.wc.ResourceFactoriesChangeListener.resourceChanged(ResourceFactoriesChangeListener.java:244)
	at org.eclipse.core.internal.events.NotificationManager$1.run(NotificationManager.java:291)
	at org.eclipse.core.runtime.SafeRunner.run(SafeRunner.java:42)
	at org.eclipse.core.internal.events.NotificationManager.notify(NotificationManager.java:285)
	at org.eclipse.core.internal.events.NotificationManager.broadcastChanges(NotificationManager.java:149)
	at org.eclipse.core.internal.resources.Workspace.broadcastPostChange(Workspace.java:378)
	at org.eclipse.core.internal.resources.Workspace.endOperation(Workspace.java:1498)
	at org.eclipse.core.internal.resources.InternalWorkspaceJob.run(InternalWorkspaceJob.java:45)
	at org.eclipse.core.internal.jobs.Worker.run(Worker.java:54)
Cleanup action completed
2021-03-17 06:18:01.743 GMT Thread[Worker-189,5,main] (XID = 41404), (SESSIONID = 1), (DATABASE = memory:TibcoResources), (DRDAID = null), Cleanup action starting
2021-03-17 06:18:01.743 GMT Thread[Worker-189,5,main] (XID = 41404), (SESSIONID = 1), (DATABASE = memory:TibcoResources), (DRDAID = null), Failed Statement is: INSERT INTO com_tibco_xpd_wsdl_wsdlIndexer(internal_name,internal_type,internal_uri,internal_path,internal_project,internal_updatetimestamp,qualification,container,referedPortType,transportUri,inSpecialFolder,isDerived,srcUri,targetNamespace) VALUES(?,?,?,?,?,?,?,?,?,?,?,?,?,?) with 14 parameters begin parameter #1: Modify :end parameter begin parameter #2: SERVICE_OPERATION :end parameter begin parameter #3: platform:/resource/OrderCreate_v2_0/OrderCreate_v2_0/Resources/OrderModifyConcreteWSDL.wsdl#//@eBindings.0/@eBindingOperations.0 :end parameter begin parameter #4: /OrderCreate_v2_0/OrderCreate_v2_0/Resources/OrderModifyConcreteWSDL.wsdl :end parameter begin parameter #5: OrderCreate_v2_0 :end parameter begin parameter #6: NULL :end parameter begin parameter #7: OrderModify_v1_0_vs0.OrderModify_v1_0_vs0 :end parameter begin parameter #8: platform:/resource/OrderCreate_v2_0/OrderCreate_v2_0/Resources/OrderModifyConcreteWSDL.wsdl#//@eServices.0/@ePorts.1 :end parameter begin parameter #9: NULL :end parameter begin parameter #10: NULL :end parameter begin parameter #11: n :end parameter begin parameter #12: n :end parameter begin parameter #13: NULL :end parameter begin parameter #14: http://www.ingrammicro.com/Processes/OrderModify/OrderModify_Service :end parameter 
ERROR 23505: The statement was aborted because it would have caused a duplicate key value in a unique or primary key constraint or unique index identified by 'SQL210316142152510' defined on 'COM_TIBCO_XPD_WSDL_WSDLINDEXER'.
	at org.apache.derby.iapi.error.StandardException.newException(StandardException.java:303)
	at org.apache.derby.impl.sql.execute.IndexChanger.insertAndCheckDups(IndexChanger.java:465)
	at org.apache.derby.impl.sql.execute.IndexChanger.doInsert(IndexChanger.java:383)
	at org.apache.derby.impl.sql.execute.IndexChanger.insert(IndexChanger.java:589)
	at org.apache.derby.impl.sql.execute.IndexSetChanger.insert(IndexSetChanger.java:268)
	at org.apache.derby.impl.sql.execute.RowChangerImpl.insertRow(RowChangerImpl.java:453)
	at org.apache.derby.impl.sql.execute.InsertResultSet.normalInsertCore(InsertResultSet.java:1022)
	at org.apache.derby.impl.sql.execute.InsertResultSet.open(InsertResultSet.java:495)
	at org.apache.derby.impl.sql.GenericPreparedStatement.executeStmt(GenericPreparedStatement.java:416)
	at org.apache.derby.impl.sql.GenericPreparedStatement.execute(GenericPreparedStatement.java:297)
	at org.apache.derby.impl.jdbc.EmbedStatement.executeStatement(EmbedStatement.java:1235)
	at org.apache.derby.impl.jdbc.EmbedPreparedStatement.executeBatchElement(EmbedPreparedStatement.java:1009)
	at org.apache.derby.impl.jdbc.EmbedStatement.executeBatch(EmbedStatement.java:974)
	at com.tibco.xpd.resources.internal.db.impl.derby.ResourceDbDerby.update(ResourceDbDerby.java:1447)
	at com.tibco.xpd.resources.internal.indexer.IndexerServiceImpl.o00000(IndexerServiceImpl.java:863)
	at com.tibco.xpd.resources.internal.indexer.IndexerServiceImpl.o00000(IndexerServiceImpl.java:756)
	at com.tibco.xpd.resources.internal.indexer.IndexerServiceImpl.access$1(IndexerServiceImpl.java:735)
	at com.tibco.xpd.resources.internal.indexer.IndexerServiceImpl$1.visit(IndexerServiceImpl.java:704)
	at org.eclipse.core.internal.resources.Resource$2.visit(Resource.java:126)
	at org.eclipse.core.internal.resources.Resource$1.visitElement(Resource.java:85)
	at org.eclipse.core.internal.watson.ElementTreeIterator.doIteration(ElementTreeIterator.java:82)
	at org.eclipse.core.internal.watson.ElementTreeIterator.doIteration(ElementTreeIterator.java:86)
	at org.eclipse.core.internal.watson.ElementTreeIterator.doIteration(ElementTreeIterator.java:86)
	at org.eclipse.core.internal.watson.ElementTreeIterator.doIteration(ElementTreeIterator.java:86)
	at org.eclipse.core.internal.watson.ElementTreeIterator.iterate(ElementTreeIterator.java:127)
	at org.eclipse.core.internal.resources.Resource.accept(Resource.java:95)
	at org.eclipse.core.internal.resources.Resource.accept(Resource.java:52)
	at org.eclipse.core.internal.resources.Resource.accept(Resource.java:124)
	at org.eclipse.core.internal.resources.Resource.accept(Resource.java:108)
	at com.tibco.xpd.resources.internal.indexer.IndexerServiceImpl.clean(IndexerServiceImpl.java:688)
	at com.tibco.xpd.resources.internal.wc.ResourceFactoriesChangeListener$_o.visit(ResourceFactoriesChangeListener.java:127)
	at org.eclipse.core.internal.events.ResourceDelta.accept(ResourceDelta.java:69)
	at org.eclipse.core.internal.events.ResourceDelta.accept(ResourceDelta.java:80)
	at org.eclipse.core.internal.events.ResourceDelta.accept(ResourceDelta.java:49)
	at com.tibco.xpd.resources.internal.wc.ResourceFactoriesChangeListener.resourceChanged(ResourceFactoriesChangeListener.java:244)
	at org.eclipse.core.internal.events.NotificationManager$1.run(NotificationManager.java:291)
	at org.eclipse.core.runtime.SafeRunner.run(SafeRunner.java:42)
	at org.eclipse.core.internal.events.NotificationManager.notify(NotificationManager.java:285)
	at org.eclipse.core.internal.events.NotificationManager.broadcastChanges(NotificationManager.java:149)
	at org.eclipse.core.internal.resources.Workspace.broadcastPostChange(Workspace.java:378)
	at org.eclipse.core.internal.resources.Workspace.endOperation(Workspace.java:1498)
	at org.eclipse.core.internal.resources.InternalWorkspaceJob.run(InternalWorkspaceJob.java:45)
	at org.eclipse.core.internal.jobs.Worker.run(Worker.java:54)
Cleanup action completed
2021-03-17 06:18:04.181 GMT Thread[Worker-189,5,main] (XID = 44546), (SESSIONID = 1), (DATABASE = memory:TibcoResources), (DRDAID = null), Cleanup action starting
2021-03-17 06:18:04.181 GMT Thread[Worker-189,5,main] (XID = 44546), (SESSIONID = 1), (DATABASE = memory:TibcoResources), (DRDAID = null), Failed Statement is: INSERT INTO com_tibco_xpd_wsdl_wsdlIndexer(internal_name,internal_type,internal_uri,internal_path,internal_project,internal_updatetimestamp,qualification,container,referedPortType,transportUri,inSpecialFolder,isDerived,srcUri,targetNamespace) VALUES(?,?,?,?,?,?,?,?,?,?,?,?,?,?) with 14 parameters begin parameter #1: Modify :end parameter begin parameter #2: SERVICE_OPERATION :end parameter begin parameter #3: platform:/resource/OrderCreate_v2_0/OrderCreate_v2_0/OrderCreate_v2_0/Resources/OrderModifyConcreteWSDL.wsdl#//@eBindings.0/@eBindingOperations.0 :end parameter begin parameter #4: /OrderCreate_v2_0/OrderCreate_v2_0/OrderCreate_v2_0/Resources/OrderModifyConcreteWSDL.wsdl :end parameter begin parameter #5: OrderCreate_v2_0 :end parameter begin parameter #6: NULL :end parameter begin parameter #7: OrderModify_v1_0_vs0.OrderModify_v1_0_vs0 :end parameter begin parameter #8: platform:/resource/OrderCreate_v2_0/OrderCreate_v2_0/OrderCreate_v2_0/Resources/OrderModifyConcreteWSDL.wsdl#//@eServices.0/@ePorts.1 :end parameter begin parameter #9: NULL :end parameter begin parameter #10: NULL :end parameter begin parameter #11: n :end parameter begin parameter #12: n :end parameter begin parameter #13: NULL :end parameter begin parameter #14: http://www.ingrammicro.com/Processes/OrderModify/OrderModify_Service :end parameter 
ERROR 23505: The statement was aborted because it would have caused a duplicate key value in a unique or primary key constraint or unique index identified by 'SQL210316142152510' defined on 'COM_TIBCO_XPD_WSDL_WSDLINDEXER'.
	at org.apache.derby.iapi.error.StandardException.newException(StandardException.java:303)
	at org.apache.derby.impl.sql.execute.IndexChanger.insertAndCheckDups(IndexChanger.java:465)
	at org.apache.derby.impl.sql.execute.IndexChanger.doInsert(IndexChanger.java:383)
	at org.apache.derby.impl.sql.execute.IndexChanger.insert(IndexChanger.java:589)
	at org.apache.derby.impl.sql.execute.IndexSetChanger.insert(IndexSetChanger.java:268)
	at org.apache.derby.impl.sql.execute.RowChangerImpl.insertRow(RowChangerImpl.java:453)
	at org.apache.derby.impl.sql.execute.InsertResultSet.normalInsertCore(InsertResultSet.java:1022)
	at org.apache.derby.impl.sql.execute.InsertResultSet.open(InsertResultSet.java:495)
	at org.apache.derby.impl.sql.GenericPreparedStatement.executeStmt(GenericPreparedStatement.java:416)
	at org.apache.derby.impl.sql.GenericPreparedStatement.execute(GenericPreparedStatement.java:297)
	at org.apache.derby.impl.jdbc.EmbedStatement.executeStatement(EmbedStatement.java:1235)
	at org.apache.derby.impl.jdbc.EmbedPreparedStatement.executeBatchElement(EmbedPreparedStatement.java:1009)
	at org.apache.derby.impl.jdbc.EmbedStatement.executeBatch(EmbedStatement.java:974)
	at com.tibco.xpd.resources.internal.db.impl.derby.ResourceDbDerby.update(ResourceDbDerby.java:1447)
	at com.tibco.xpd.resources.internal.indexer.IndexerServiceImpl.o00000(IndexerServiceImpl.java:863)
	at com.tibco.xpd.resources.internal.indexer.IndexerServiceImpl.o00000(IndexerServiceImpl.java:756)
	at com.tibco.xpd.resources.internal.indexer.IndexerServiceImpl.access$1(IndexerServiceImpl.java:735)
	at com.tibco.xpd.resources.internal.indexer.IndexerServiceImpl$1.visit(IndexerServiceImpl.java:704)
	at org.eclipse.core.internal.resources.Resource$2.visit(Resource.java:126)
	at org.eclipse.core.internal.resources.Resource$1.visitElement(Resource.java:85)
	at org.eclipse.core.internal.watson.ElementTreeIterator.doIteration(ElementTreeIterator.java:82)
	at org.eclipse.core.internal.watson.ElementTreeIterator.doIteration(ElementTreeIterator.java:86)
	at org.eclipse.core.internal.watson.ElementTreeIterator.doIteration(ElementTreeIterator.java:86)
	at org.eclipse.core.internal.watson.ElementTreeIterator.doIteration(ElementTreeIterator.java:86)
	at org.eclipse.core.internal.watson.ElementTreeIterator.doIteration(ElementTreeIterator.java:86)
	at org.eclipse.core.internal.watson.ElementTreeIterator.iterate(ElementTreeIterator.java:127)
	at org.eclipse.core.internal.resources.Resource.accept(Resource.java:95)
	at org.eclipse.core.internal.resources.Resource.accept(Resource.java:52)
	at org.eclipse.core.internal.resources.Resource.accept(Resource.java:124)
	at org.eclipse.core.internal.resources.Resource.accept(Resource.java:108)
	at com.tibco.xpd.resources.internal.indexer.IndexerServiceImpl.clean(IndexerServiceImpl.java:688)
	at com.tibco.xpd.resources.internal.wc.ResourceFactoriesChangeListener$_o.visit(ResourceFactoriesChangeListener.java:127)
	at org.eclipse.core.internal.events.ResourceDelta.accept(ResourceDelta.java:69)
	at org.eclipse.core.internal.events.ResourceDelta.accept(ResourceDelta.java:80)
	at org.eclipse.core.internal.events.ResourceDelta.accept(ResourceDelta.java:49)
	at com.tibco.xpd.resources.internal.wc.ResourceFactoriesChangeListener.resourceChanged(ResourceFactoriesChangeListener.java:244)
	at org.eclipse.core.internal.events.NotificationManager$1.run(NotificationManager.java:291)
	at org.eclipse.core.runtime.SafeRunner.run(SafeRunner.java:42)
	at org.eclipse.core.internal.events.NotificationManager.notify(NotificationManager.java:285)
	at org.eclipse.core.internal.events.NotificationManager.broadcastChanges(NotificationManager.java:149)
	at org.eclipse.core.internal.resources.Workspace.broadcastPostChange(Workspace.java:378)
	at org.eclipse.core.internal.resources.Workspace.endOperation(Workspace.java:1498)
	at org.eclipse.core.internal.resources.InternalWorkspaceJob.run(InternalWorkspaceJob.java:45)
	at org.eclipse.core.internal.jobs.Worker.run(Worker.java:54)
Cleanup action completed
